Arguments: 
  E:\nvm\node\node.exe C:\Program Files (x86)\Yarn\bin\yarn.js add babel-types @babel/parser @babe/traverse @babel/generator

PATH: 
  C:\Program Files (x86)\NetSarang\Xshell 6\;C:\Windows\system32;C:\Windows;C:\Windows\System32\Wbem;C:\Windows\System32\WindowsPowerShell\v1.0\;C:\Windows\System32\OpenSSH\;E:\Git\cmd;E:\nvm\nvm;E:\nvm\node;C:\ProgramData\chocolatey\bin;C:\Program Files (x86)\Yarn\bin\;%D:\Java\jdk-9.0.1%\bin;C:\Users\dingx\AppData\Local\Microsoft\WindowsApps;D:\Java\jdk-9.0.1\bin;E:\phantomjs-2.1.1-windows\bin;E:\nvm\nvm;E:\nvm\node;C:\Users\dingx\AppData\Local\Yarn\bin;C:\Users\dingx\AppData\Local\Programs\Microsoft VS Code\bin

Yarn version: 
  1.22.5

Node version: 
  14.11.0

Platform: 
  win32 x64

Trace: 
  Error: http://r.cnpmjs.org/@babe%2ftraverse: [not_found] document not found
      at Request.params.callback [as _callback] (C:\Program Files (x86)\Yarn\lib\cli.js:66097:18)
      at Request.self.callback (C:\Program Files (x86)\Yarn\lib\cli.js:140749:22)
      at Request.emit (events.js:314:20)
      at Request.<anonymous> (C:\Program Files (x86)\Yarn\lib\cli.js:141721:10)
      at Request.emit (events.js:314:20)
      at Gunzip.<anonymous> (C:\Program Files (x86)\Yarn\lib\cli.js:141643:12)
      at Object.onceWrapper (events.js:420:28)
      at Gunzip.emit (events.js:314:20)
      at endReadableNT (_stream_readable.js:1252:12)
      at processTicksAndRejections (internal/process/task_queues.js:80:21)

npm manifest: 
  {
    "name": "learn-webpack",
    "version": "1.0.0",
    "description": "",
    "main": "debug.js",
    "scripts": {
      "test": "echo \"Error: no test specified\" && exit 1"
    },
    "keywords": [],
    "author": "",
    "license": "ISC",
    "devDependencies": {
      "tapable": "^2.2.0"
    }
  }

yarn manifest: 
  No manifest

Lockfile: 
  # THIS IS AN AUTOGENERATED FILE. DO NOT EDIT THIS FILE DIRECTLY.
  # yarn lockfile v1
  
  
  tapable@^2.2.0:
    version "2.2.0"
    resolved "https://r.cnpmjs.org/tapable/download/tapable-2.2.0.tgz#5c373d281d9c672848213d0e037d1c4165ab426b"
    integrity sha1-XDc9KB2cZyhIIT0OA30cQWWrQms=
